Determining if the pthread_create exist failed with the following output:
Change Dir: /home/fuyangyang/cpptest/CMakeFiles/CMakeTmp

Run Build Command(s):/usr/bin/gmake cmTC_5b882/fast 
/usr/bin/gmake -f CMakeFiles/cmTC_5b882.dir/build.make CMakeFiles/cmTC_5b882.dir/build
gmake[1]: Entering directory `/home/fuyangyang/cpptest/CMakeFiles/CMakeTmp'
Building C object CMakeFiles/cmTC_5b882.dir/CheckSymbolExists.c.o
/usr/bin/cc    -o CMakeFiles/cmTC_5b882.dir/CheckSymbolExists.c.o   -c /home/fuyangyang/cpptest/CMakeFiles/CMakeTmp/CheckSymbolExists.c
Linking C executable cmTC_5b882
/home/fuyangyang/setups/cmake-3.14.3-Linux-x86_64/bin/cmake -E cmake_link_script CMakeFiles/cmTC_5b882.dir/link.txt --verbose=1
/usr/bin/cc      CMakeFiles/cmTC_5b882.dir/CheckSymbolExists.c.o  -o cmTC_5b882 
CMakeFiles/cmTC_5b882.dir/CheckSymbolExists.c.o: In function `main':
CheckSymbolExists.c:(.text+0xc): undefined reference to `pthread_create'
collect2: ld returned 1 exit status
gmake[1]: *** [cmTC_5b882] Error 1
gmake[1]: Leaving directory `/home/fuyangyang/cpptest/CMakeFiles/CMakeTmp'
gmake: *** [cmTC_5b882/fast] Error 2

File /home/fuyangyang/cpptest/CMakeFiles/CMakeTmp/CheckSymbolExists.c:
/* */
#include <pthread.h>

int main(int argc, char** argv)
{
  (void)argv;
#ifndef pthread_create
  return ((int*)(&pthread_create))[argc];
#else
  (void)argc;
  return 0;
#endif
}

